F:\vs 2019\uasm\Include\kernel32.inc(133) : Error A2091: Language type must be specified
 F:\vs 2019\uasm\Include\kernel32.inc(133): Included by
  F:\vs 2019\uasm\Include\win64.inc(26): Included by
   lab13.asm(1): Main line code
F:\vs 2019\uasm\Include\kernel32.inc(134) : Error A2091: Language type must be specified
 F:\vs 2019\uasm\Include\kernel32.inc(134): Included by
  F:\vs 2019\uasm\Include\win64.inc(26): Included by
   lab13.asm(1): Main line code
F:\vs 2019\uasm\Include\kernel32.inc(140) : Error A2091: Language type must be specified
 F:\vs 2019\uasm\Include\kernel32.inc(140): Included by
  F:\vs 2019\uasm\Include\win64.inc(26): Included by
   lab13.asm(1): Main line code
F:\vs 2019\uasm\Include\kernel32.inc(141) : Error A2091: Language type must be specified
 F:\vs 2019\uasm\Include\kernel32.inc(141): Included by
  F:\vs 2019\uasm\Include\win64.inc(26): Included by
   lab13.asm(1): Main line code
F:\vs 2019\uasm\Include\kernel32.inc(147) : Error A2091: Language type must be specified
 F:\vs 2019\uasm\Include\kernel32.inc(147): Included by
  F:\vs 2019\uasm\Include\win64.inc(26): Included by
   lab13.asm(1): Main line code
F:\vs 2019\uasm\Include\kernel32.inc(148) : Error A2091: Language type must be specified
 F:\vs 2019\uasm\Include\kernel32.inc(148): Included by
  F:\vs 2019\uasm\Include\win64.inc(26): Included by
   lab13.asm(1): Main line code
F:\vs 2019\uasm\Include\kernel32.inc(154) : Error A2091: Language type must be specified
 F:\vs 2019\uasm\Include\kernel32.inc(154): Included by
  F:\vs 2019\uasm\Include\win64.inc(26): Included by
   lab13.asm(1): Main line code
F:\vs 2019\uasm\Include\kernel32.inc(155) : Error A2091: Language type must be specified
 F:\vs 2019\uasm\Include\kernel32.inc(155): Included by
  F:\vs 2019\uasm\Include\win64.inc(26): Included by
   lab13.asm(1): Main line code
F:\vs 2019\uasm\Include\kernel32.inc(161) : Error A2091: Language type must be specified
 F:\vs 2019\uasm\Include\kernel32.inc(161): Included by
  F:\vs 2019\uasm\Include\win64.inc(26): Included by
   lab13.asm(1): Main line code
F:\vs 2019\uasm\Include\kernel32.inc(162) : Error A2091: Language type must be specified
 F:\vs 2019\uasm\Include\kernel32.inc(162): Included by
  F:\vs 2019\uasm\Include\win64.inc(26): Included by
   lab13.asm(1): Main line code
F:\vs 2019\uasm\Include\kernel32.inc(168) : Error A2091: Language type must be specified
 F:\vs 2019\uasm\Include\kernel32.inc(168): Included by
  F:\vs 2019\uasm\Include\win64.inc(26): Included by
   lab13.asm(1): Main line code
F:\vs 2019\uasm\Include\kernel32.inc(169) : Error A2091: Language type must be specified
 F:\vs 2019\uasm\Include\kernel32.inc(169): Included by
  F:\vs 2019\uasm\Include\win64.inc(26): Included by
   lab13.asm(1): Main line code
F:\vs 2019\uasm\Include\kernel32.inc(175) : Error A2091: Language type must be specified
 F:\vs 2019\uasm\Include\kernel32.inc(175): Included by
  F:\vs 2019\uasm\Include\win64.inc(26): Included by
   lab13.asm(1): Main line code
F:\vs 2019\uasm\Include\kernel32.inc(176) : Error A2091: Language type must be specified
 F:\vs 2019\uasm\Include\kernel32.inc(176): Included by
  F:\vs 2019\uasm\Include\win64.inc(26): Included by
   lab13.asm(1): Main line code
F:\vs 2019\uasm\Include\kernel32.inc(177) : Error A2091: Language type must be specified
 F:\vs 2019\uasm\Include\kernel32.inc(177): Included by
  F:\vs 2019\uasm\Include\win64.inc(26): Included by
   lab13.asm(1): Main line code
F:\vs 2019\uasm\Include\kernel32.inc(183) : Error A2091: Language type must be specified
 F:\vs 2019\uasm\Include\kernel32.inc(183): Included by
  F:\vs 2019\uasm\Include\win64.inc(26): Included by
   lab13.asm(1): Main line code
F:\vs 2019\uasm\Include\kernel32.inc(184) : Error A2091: Language type must be specified
 F:\vs 2019\uasm\Include\kernel32.inc(184): Included by
  F:\vs 2019\uasm\Include\win64.inc(26): Included by
   lab13.asm(1): Main line code
F:\vs 2019\uasm\Include\kernel32.inc(185) : Error A2091: Language type must be specified
 F:\vs 2019\uasm\Include\kernel32.inc(185): Included by
  F:\vs 2019\uasm\Include\win64.inc(26): Included by
   lab13.asm(1): Main line code
F:\vs 2019\uasm\Include\kernel32.inc(191) : Error A2091: Language type must be specified
 F:\vs 2019\uasm\Include\kernel32.inc(191): Included by
  F:\vs 2019\uasm\Include\win64.inc(26): Included by
   lab13.asm(1): Main line code
F:\vs 2019\uasm\Include\kernel32.inc(192) : Error A2091: Language type must be specified
 F:\vs 2019\uasm\Include\kernel32.inc(192): Included by
  F:\vs 2019\uasm\Include\win64.inc(26): Included by
   lab13.asm(1): Main line code
F:\vs 2019\uasm\Include\kernel32.inc(193) : Error A2091: Language type must be specified
 F:\vs 2019\uasm\Include\kernel32.inc(193): Included by
  F:\vs 2019\uasm\Include\win64.inc(26): Included by
   lab13.asm(1): Main line code
F:\vs 2019\uasm\Include\kernel32.inc(194) : Error A2091: Language type must be specified
 F:\vs 2019\uasm\Include\kernel32.inc(194): Included by
  F:\vs 2019\uasm\Include\win64.inc(26): Included by
   lab13.asm(1): Main line code
F:\vs 2019\uasm\Include\kernel32.inc(195) : Error A2091: Language type must be specified
 F:\vs 2019\uasm\Include\kernel32.inc(195): Included by
  F:\vs 2019\uasm\Include\win64.inc(26): Included by
   lab13.asm(1): Main line code
F:\vs 2019\uasm\Include\kernel32.inc(196) : Error A2091: Language type must be specified
 F:\vs 2019\uasm\Include\kernel32.inc(196): Included by
  F:\vs 2019\uasm\Include\win64.inc(26): Included by
   lab13.asm(1): Main line code
F:\vs 2019\uasm\Include\kernel32.inc(197) : Error A2091: Language type must be specified
 F:\vs 2019\uasm\Include\kernel32.inc(197): Included by
  F:\vs 2019\uasm\Include\win64.inc(26): Included by
   lab13.asm(1): Main line code
F:\vs 2019\uasm\Include\kernel32.inc(198) : Error A2091: Language type must be specified
 F:\vs 2019\uasm\Include\kernel32.inc(198): Included by
  F:\vs 2019\uasm\Include\win64.inc(26): Included by
   lab13.asm(1): Main line code
F:\vs 2019\uasm\Include\kernel32.inc(199) : Error A2091: Language type must be specified
 F:\vs 2019\uasm\Include\kernel32.inc(199): Included by
  F:\vs 2019\uasm\Include\win64.inc(26): Included by
   lab13.asm(1): Main line code
F:\vs 2019\uasm\Include\kernel32.inc(200) : Error A2091: Language type must be specified
 F:\vs 2019\uasm\Include\kernel32.inc(200): Included by
  F:\vs 2019\uasm\Include\win64.inc(26): Included by
   lab13.asm(1): Main line code
F:\vs 2019\uasm\Include\kernel32.inc(201) : Error A2091: Language type must be specified
 F:\vs 2019\uasm\Include\kernel32.inc(201): Included by
  F:\vs 2019\uasm\Include\win64.inc(26): Included by
   lab13.asm(1): Main line code
F:\vs 2019\uasm\Include\kernel32.inc(202) : Error A2091: Language type must be specified
 F:\vs 2019\uasm\Include\kernel32.inc(202): Included by
  F:\vs 2019\uasm\Include\win64.inc(26): Included by
   lab13.asm(1): Main line code
F:\vs 2019\uasm\Include\kernel32.inc(203) : Error A2091: Language type must be specified
 F:\vs 2019\uasm\Include\kernel32.inc(203): Included by
  F:\vs 2019\uasm\Include\win64.inc(26): Included by
   lab13.asm(1): Main line code
F:\vs 2019\uasm\Include\kernel32.inc(204) : Error A2091: Language type must be specified
 F:\vs 2019\uasm\Include\kernel32.inc(204): Included by
  F:\vs 2019\uasm\Include\win64.inc(26): Included by
   lab13.asm(1): Main line code
F:\vs 2019\uasm\Include\kernel32.inc(205) : Error A2091: Language type must be specified
 F:\vs 2019\uasm\Include\kernel32.inc(205): Included by
  F:\vs 2019\uasm\Include\win64.inc(26): Included by
   lab13.asm(1): Main line code
F:\vs 2019\uasm\Include\kernel32.inc(206) : Error A2091: Language type must be specified
 F:\vs 2019\uasm\Include\kernel32.inc(206): Included by
  F:\vs 2019\uasm\Include\win64.inc(26): Included by
   lab13.asm(1): Main line code
F:\vs 2019\uasm\Include\kernel32.inc(207) : Error A2091: Language type must be specified
 F:\vs 2019\uasm\Include\kernel32.inc(207): Included by
  F:\vs 2019\uasm\Include\win64.inc(26): Included by
   lab13.asm(1): Main line code
F:\vs 2019\uasm\Include\kernel32.inc(208) : Error A2091: Language type must be specified
 F:\vs 2019\uasm\Include\kernel32.inc(208): Included by
  F:\vs 2019\uasm\Include\win64.inc(26): Included by
   lab13.asm(1): Main line code
F:\vs 2019\uasm\Include\kernel32.inc(214) : Error A2091: Language type must be specified
 F:\vs 2019\uasm\Include\kernel32.inc(214): Included by
  F:\vs 2019\uasm\Include\win64.inc(26): Included by
   lab13.asm(1): Main line code
F:\vs 2019\uasm\Include\kernel32.inc(215) : Error A2091: Language type must be specified
 F:\vs 2019\uasm\Include\kernel32.inc(215): Included by
  F:\vs 2019\uasm\Include\win64.inc(26): Included by
   lab13.asm(1): Main line code
F:\vs 2019\uasm\Include\kernel32.inc(216) : Error A2091: Language type must be specified
 F:\vs 2019\uasm\Include\kernel32.inc(216): Included by
  F:\vs 2019\uasm\Include\win64.inc(26): Included by
   lab13.asm(1): Main line code
F:\vs 2019\uasm\Include\kernel32.inc(217) : Error A2091: Language type must be specified
 F:\vs 2019\uasm\Include\kernel32.inc(217): Included by
  F:\vs 2019\uasm\Include\win64.inc(26): Included by
   lab13.asm(1): Main line code
F:\vs 2019\uasm\Include\kernel32.inc(220) : Error A2091: Language type must be specified
 F:\vs 2019\uasm\Include\kernel32.inc(220): Included by
  F:\vs 2019\uasm\Include\win64.inc(26): Included by
   lab13.asm(1): Main line code
F:\vs 2019\uasm\Include\kernel32.inc(221) : Error A2091: Language type must be specified
 F:\vs 2019\uasm\Include\kernel32.inc(221): Included by
  F:\vs 2019\uasm\Include\win64.inc(26): Included by
   lab13.asm(1): Main line code
F:\vs 2019\uasm\Include\kernel32.inc(222) : Error A2091: Language type must be specified
 F:\vs 2019\uasm\Include\kernel32.inc(222): Included by
  F:\vs 2019\uasm\Include\win64.inc(26): Included by
   lab13.asm(1): Main line code
F:\vs 2019\uasm\Include\kernel32.inc(228) : Error A2091: Language type must be specified
 F:\vs 2019\uasm\Include\kernel32.inc(228): Included by
  F:\vs 2019\uasm\Include\win64.inc(26): Included by
   lab13.asm(1): Main line code
F:\vs 2019\uasm\Include\kernel32.inc(229) : Error A2091: Language type must be specified
 F:\vs 2019\uasm\Include\kernel32.inc(229): Included by
  F:\vs 2019\uasm\Include\win64.inc(26): Included by
   lab13.asm(1): Main line code
F:\vs 2019\uasm\Include\kernel32.inc(235) : Error A2091: Language type must be specified
 F:\vs 2019\uasm\Include\kernel32.inc(235): Included by
  F:\vs 2019\uasm\Include\win64.inc(26): Included by
   lab13.asm(1): Main line code
F:\vs 2019\uasm\Include\kernel32.inc(236) : Error A2091: Language type must be specified
 F:\vs 2019\uasm\Include\kernel32.inc(236): Included by
  F:\vs 2019\uasm\Include\win64.inc(26): Included by
   lab13.asm(1): Main line code
F:\vs 2019\uasm\Include\kernel32.inc(242) : Error A2091: Language type must be specified
 F:\vs 2019\uasm\Include\kernel32.inc(242): Included by
  F:\vs 2019\uasm\Include\win64.inc(26): Included by
   lab13.asm(1): Main line code
F:\vs 2019\uasm\Include\kernel32.inc(243) : Error A2091: Language type must be specified
 F:\vs 2019\uasm\Include\kernel32.inc(243): Included by
  F:\vs 2019\uasm\Include\win64.inc(26): Included by
   lab13.asm(1): Main line code
F:\vs 2019\uasm\Include\kernel32.inc(250) : Error A2091: Language type must be specified
 F:\vs 2019\uasm\Include\kernel32.inc(250): Included by
  F:\vs 2019\uasm\Include\win64.inc(26): Included by
   lab13.asm(1): Main line code
F:\vs 2019\uasm\Include\kernel32.inc(252) : Error A2091: Language type must be specified
 F:\vs 2019\uasm\Include\kernel32.inc(252): Included by
  F:\vs 2019\uasm\Include\win64.inc(26): Included by
   lab13.asm(1): Main line code
F:\vs 2019\uasm\Include\kernel32.inc(252) : Fatal error A1113: Too many errors
